<?xml version="1.0" encoding="UTF-8"?>
<!-- Generated by org.testng.reporters.JUnitXMLReporter -->
<testsuite ignored="0" hostname="TamannaPC" failures="0" tests="9" name="Test" time="0.027" errors="0" timestamp="2024-02-22T21:54:49 EST">
  <testcase classname="Day20_TestNG_RunningMultipleSuites_Sanity.Sanity_TestCases_SearchProduct" name="test1" time="0.001"/>
  <testcase classname="Day20_TestNG_RunningMultipleSuites_Sanity.Sanity_TestCases_SearchProduct" name="test2" time="0.001"/>
  <testcase classname="Day20_TestNG_RunningMultipleSuites_Sanity.Sanity_TestCases_SearchProduct" name="test3" time="0.001"/>
  <testcase classname="Day20_TestNG_RunningMultipleSuites_Sanity.Sanity_TestCases_Register" name="test1" time="0.002"/>
  <testcase classname="Day20_TestNG_RunningMultipleSuites_Sanity.Sanity_TestCases_Register" name="test2" time="0.001"/>
  <testcase classname="Day20_TestNG_RunningMultipleSuites_Sanity.Sanity_TestCases_Register" name="test3" time="0.001"/>
  <testcase classname="Day20_TestNG_RunningMultipleSuites_Sanity.Sanity_TestCases_Login" name="test1" time="0.001"/>
  <testcase classname="Day20_TestNG_RunningMultipleSuites_Sanity.Sanity_TestCases_Login" name="test2" time="0.001"/>
  <testcase classname="Day20_TestNG_RunningMultipleSuites_Sanity.Sanity_TestCases_Login" name="test3" time="0.001"/>
</testsuite> <!-- Test -->
