<?xml version="1.0" encoding="UTF-8"?>
<!-- Generated by org.testng.reporters.JUnitXMLReporter -->
<testsuite ignored="0" hostname="TamannaPC" failures="0" tests="9" name="Test" time="0.022" errors="0" timestamp="2024-02-22T21:54:49 EST">
  <testcase classname="Day20_TestNG_RunningMultipleSuites_Regression.RegressionTestCases_Register" name="test7" time="0.001"/>
  <testcase classname="Day20_TestNG_RunningMultipleSuites_Regression.RegressionTestCases_Register" name="test8" time="0.001"/>
  <testcase classname="Day20_TestNG_RunningMultipleSuites_Regression.RegressionTestCases_Register" name="test9" time="0.001"/>
  <testcase classname="Day20_TestNG_RunningMultipleSuites_Regression.RegressionTestCases_Login" name="test1" time="0.001"/>
  <testcase classname="Day20_TestNG_RunningMultipleSuites_Regression.RegressionTestCases_Login" name="test2" time="0.001"/>
  <testcase classname="Day20_TestNG_RunningMultipleSuites_Regression.RegressionTestCases_Login" name="test3" time="0.001"/>
  <testcase classname="Day20_TestNG_RunningMultipleSuites_Regression.RegressionTestCases_SearchProduct" name="test7" time="0.001"/>
  <testcase classname="Day20_TestNG_RunningMultipleSuites_Regression.RegressionTestCases_SearchProduct" name="test8" time="0.001"/>
  <testcase classname="Day20_TestNG_RunningMultipleSuites_Regression.RegressionTestCases_SearchProduct" name="test9" time="0.001"/>
</testsuite> <!-- Test -->
